<?xml version="1.0" encoding="UTF-8" ?>
<testsuite errors="0" skipped="0" tests="5" time="3.449" failures="0" name="activejdbc.PaginatorTest">
  <properties>
    <property value="Sun Microsystems Inc." name="java.vendor"/>
    <property value="local/igor-laptop:/tmp/.ICE-unix/4378" name="env.SESSION_MANAGER"/>
    <property value="| /usr/bin/lesspipe %s" name="env.LESSOPEN"/>
    <property value="/home/igor/.m2/repository" name="localRepository"/>
    <property value="/usr/lib/oracle/xe/app/oracle/product/10.2.0/server" name="env.ORACLE_HOME"/>
    <property value="SUN_STANDARD" name="sun.java.launcher"/>
    <property value="HotSpot Server Compiler" name="sun.management.compiler"/>
    <property value="Linux" name="os.name"/>
    <property value="/home/igor/programs/jdk1.5.0_14/jre/lib/rt.jar:/home/igor/programs/jdk1.5.0_14/jre/lib/i18n.jar:/home/igor/programs/jdk1.5.0_14/jre/lib/sunrsasign.jar:/home/igor/programs/jdk1.5.0_14/jre/lib/jsse.jar:/home/igor/programs/jdk1.5.0_14/jre/lib/jce.jar:/home/igor/programs/jdk1.5.0_14/jre/lib/charsets.jar:/home/igor/programs/jdk1.5.0_14/jre/classes" name="sun.boot.class.path"/>
    <property value="/home/igor/projects/activejdbc" name="env.PWD"/>
    <property value="151b6e7278817b27f2f4dcaa4ad6551c-1279517453.347786-1209441466" name="env.XDG_SESSION_COOKIE"/>
    <property value="/home/igor/programs/glassfish" name="env.GLASSFISH_HOME"/>
    <property value="gnome" name="sun.desktop"/>
    <property value="en_US.UTF-8" name="env.LANG"/>
    <property value="Sun Microsystems Inc." name="java.vm.specification.vendor"/>
    <property value="/home/igor/projects/iCapture" name="env.ICAPTURE_HOME"/>
    <property value="1.5.0_14-b03" name="java.runtime.version"/>
    <property value=":0.0" name="env.DISPLAY"/>
    <property value="powerofvitality_web" name="env.pov_name"/>
    <property value="igor" name="user.name"/>
    <property value="/home/igor/programs/apache-maven-2.2.1/bin/mvn" name="env._"/>
    <property value="igor" name="env.USER"/>
    <property value="ignoreboth" name="env.HISTCONTROL"/>
    <property value="/bin/bash" name="env.SHELL"/>
    <property value="default" name="env.DESKTOP_SESSION"/>
    <property value="/usr/local/share/:/usr/share/:/usr/share/gdm/" name="env.XDG_DATA_DIRS"/>
    <property value="/usr/dt/lib/nls/msg/%L/%N.cat" name="env.NLSPATH"/>
    <property value="/home/igor/programs/jdk1.5.0_14/bin:/home/igor/programs/play-1.0.3:/home/igor/programs/glassfish/bin:/home/igor/programs/apache-ant-1.7.1/bin:/home/igor/programs/jdk1.6.0_16/bin:/home/igor/programs/apache-maven-2.2.1/bin:/home/igor/bin:/home/igor/bin:/usr/local/sbin:/usr/local/bin:/usr/sbin:/usr/bin:/sbin:/bin:/usr/games:/home/igor/programs/groovy-1.7.1/bin:/home/igor/programs/grails-1.3.1/bin:/home/igor/.gem/ruby/1.8/bin:/home/igor/programs/gwt-2.0.3" name="env.PATH"/>
    <property value="en" name="user.language"/>
    <property value="/home/igor/programs/jdk1.5.0_14/jre/lib/i386" name="sun.boot.library.path"/>
    <property value="/home/igor/programs/apache-maven-2.2.1/bin/m2.conf" name="classworlds.conf"/>
    <property value="1.5.0_14" name="java.version"/>
    <property value="SystemV/CST6CDT" name="user.timezone"/>
    <property value="unix:abstract=/tmp/dbus-QGokW7dmdV,guid=7ed3a608d83d2b2226e8348d4c43e30d" name="env.DBUS_SESSION_BUS_ADDRESS"/>
    <property value="32" name="sun.arch.data.model"/>
    <property value="4442" name="env.SSH_AGENT_PID"/>
    <property value="/home/igor/programs/jdk1.5.0_14/jre/lib/endorsed" name="java.endorsed.dirs"/>
    <property value="" name="sun.cpu.isalist"/>
    <property value="UTF-8" name="sun.jnu.encoding"/>
    <property value="sun.io" name="file.encoding.pkg"/>
    <property value="1" name="env.SHLVL"/>
    <property value="/" name="file.separator"/>
    <property value="Java Platform API Specification" name="java.specification.name"/>
    <property value="/home/igor/programs/groovy-1.7.1" name="env.GROOVY_HOME"/>
    <property value="this-is-deprecated" name="env.GNOME_DESKTOP_SESSION_ID"/>
    <property value="49.0" name="java.class.version"/>
    <property value="default" name="env.GDMSESSION"/>
    <property value="US" name="user.country"/>
    <property value="4366" name="env.GNOME_KEYRING_PID"/>
    <property value="/home/igor/programs/jdk1.5.0_14/jre" name="java.home"/>
    <property value="mixed mode" name="java.vm.info"/>
    <property value="igor" name="env.LOGNAME"/>
    <property value="2.6.28-19-generic" name="os.version"/>
    <property value="/home/igor/projects/domains/pov_domain/logs/stdout.txt" name="env.pov_log"/>
    <property value="/home/igor/bin" name="env.SQLPATH"/>
    <property value=":" name="path.separator"/>
    <property value="1.5.0_14-b03" name="java.vm.version"/>
    <property value="/home/igor/programs/jdk1.5.0_14" name="env.JAVA_HOME"/>
    <property value="sun.print.PSPrinterJob" name="java.awt.printerjob"/>
    <property value="xterm" name="env.TERM"/>
    <property value="7" name="env.WINDOWPATH"/>
    <property value="UnicodeLittle" name="sun.io.unicode.encoding"/>
    <property value="en_US.UTF-8" name="env.GDM_LANG"/>
    <property value="/home/igor/projects/domains/pov_domain" name="env.pov_home"/>
    <property value="/home/igor" name="user.home"/>
    <property value="/home/igor/projects" name="env.OLDPWD"/>
    <property value="Sun Microsystems Inc." name="java.specification.vendor"/>
    <property value="/home/igor/projects/domains/pov_domain/domain/powerofvitality" name="env.pov_home_domain"/>
    <property value="/home/igor/programs/apache-maven-2.2.1" name="env.M2_HOME"/>
    <property value="62916213" name="env.WINDOWID"/>
    <property value="http://java.sun.com/" name="java.vendor.url"/>
    <property value="/home/igor/programs/jdk1.5.0_14/jre/lib/i386/server:/home/igor/programs/jdk1.5.0_14/jre/lib/i386:/home/igor/programs/jdk1.5.0_14/jre/../lib/i386" name="java.library.path"/>
    <property value="local" name="env.GDM_XSERVER_LOCATION"/>
    <property value="Sun Microsystems Inc." name="java.vm.vendor"/>
    <property value="Java(TM) 2 Runtime Environment, Standard Edition" name="java.runtime.name"/>
    <property value="/home/igor/programs/apache-maven-2.2.1" name="maven.home"/>
    <property value="/home/igor/programs/apache-maven-2.2.1/boot/classworlds-1.1.jar" name="java.class.path"/>
    <property value="/usr/dt/app-defaults/%L/Dt" name="env.XFILESEARCHPATH"/>
    <property value="Java Virtual Machine Specification" name="java.vm.specification.name"/>
    <property value="1.0" name="java.vm.specification.version"/>
    <property value="unknown" name="sun.os.patch.level"/>
    <property value="little" name="sun.cpu.endian"/>
    <property value="/etc/gtk/gtkrc:/home/igor/.gtkrc-1.2-gnome2" name="env.GTK_RC_FILES"/>
    <property value="/home/igor" name="env.HOME"/>
    <property value="/home/igor/programs/apache-ant-1.7.1" name="env.ANT_HOME"/>
    <property value="/home/igor/projects/activejdbc/activejdbc-test-mysql/target/test-classes:/home/igor/projects/activejdbc/activejdbc-test-mysql/target/classes:/home/igor/projects/activejdbc/activejdbc/target/activejdbc-1.0-SNAPSHOT.jar:/home/igor/.m2/repository/org/slf4j/slf4j-api/1.5.10/slf4j-api-1.5.10.jar:/home/igor/.m2/repository/org/slf4j/jcl-over-slf4j/1.5.10/jcl-over-slf4j-1.5.10.jar:/home/igor/.m2/repository/org/slf4j/slf4j-simple/1.5.10/slf4j-simple-1.5.10.jar:/home/igor/projects/activejdbc/javalite-common/target/javalite-common-1.0-SNAPSHOT.jar:/home/igor/.m2/repository/dom4j/dom4j/1.6.1/dom4j-1.6.1.jar:/home/igor/.m2/repository/xml-apis/xml-apis/1.0.b2/xml-apis-1.0.b2.jar:/home/igor/.m2/repository/jaxen/jaxen/1.1.1/jaxen-1.1.1.jar:/home/igor/.m2/repository/jdom/jdom/1.0/jdom-1.0.jar:/home/igor/.m2/repository/xerces/xercesImpl/2.6.2/xercesImpl-2.6.2.jar:/home/igor/.m2/repository/xom/xom/1.0/xom-1.0.jar:/home/igor/.m2/repository/xerces/xmlParserAPIs/2.6.2/xmlParserAPIs-2.6.2.jar:/home/igor/.m2/repository/xalan/xalan/2.6.0/xalan-2.6.0.jar:/home/igor/.m2/repository/com/ibm/icu/icu4j/2.6.1/icu4j-2.6.1.jar:/home/igor/.m2/repository/opensymphony/oscache/2.4/oscache-2.4.jar:/home/igor/.m2/repository/javax/jms/jms/1.1/jms-1.1.jar:/home/igor/.m2/repository/javax/servlet/servlet-api/2.5/servlet-api-2.5.jar:/home/igor/projects/activejdbc/activejdbc-test/target/activejdbc-test-1.0-SNAPSHOT.jar:/home/igor/.m2/repository/junit/junit/4.8.1/junit-4.8.1.jar:/home/igor/.m2/repository/mysql/mysql-connector-java/5.0.4/mysql-connector-java-5.0.4.jar:" name="surefire.test.class.path"/>
    <property value="/tmp" name="java.io.tmpdir"/>
    <property value="/home/igor/programs/jdk1.5.0_14/jre/lib/i386/server:/home/igor/programs/jdk1.5.0_14/jre/lib/i386:/home/igor/programs/jdk1.5.0_14/jre/../lib/i386" name="env.LD_LIBRARY_PATH"/>
    <property value="no=00:fi=00:di=01;34:ln=01;36:pi=40;33:so=01;35:do=01;35:bd=40;33;01:cd=40;33;01:or=40;31;01:su=37;41:sg=30;43:tw=30;42:ow=34;42:st=37;44:ex=01;32:*.tar=01;31:*.tgz=01;31:*.svgz=01;31:*.arj=01;31:*.taz=01;31:*.lzh=01;31:*.lzma=01;31:*.zip=01;31:*.z=01;31:*.Z=01;31:*.dz=01;31:*.gz=01;31:*.bz2=01;31:*.bz=01;31:*.tbz2=01;31:*.tz=01;31:*.deb=01;31:*.rpm=01;31:*.jar=01;31:*.rar=01;31:*.ace=01;31:*.zoo=01;31:*.cpio=01;31:*.7z=01;31:*.rz=01;31:*.jpg=01;35:*.jpeg=01;35:*.gif=01;35:*.bmp=01;35:*.pbm=01;35:*.pgm=01;35:*.ppm=01;35:*.tga=01;35:*.xbm=01;35:*.xpm=01;35:*.tif=01;35:*.tiff=01;35:*.png=01;35:*.svg=01;35:*.mng=01;35:*.pcx=01;35:*.mov=01;35:*.mpg=01;35:*.mpeg=01;35:*.m2v=01;35:*.mkv=01;35:*.ogm=01;35:*.mp4=01;35:*.m4v=01;35:*.mp4v=01;35:*.vob=01;35:*.qt=01;35:*.nuv=01;35:*.wmv=01;35:*.asf=01;35:*.rm=01;35:*.rmvb=01;35:*.flc=01;35:*.avi=01;35:*.fli=01;35:*.gl=01;35:*.dl=01;35:*.xcf=01;35:*.xwd=01;35:*.yuv=01;35:*.aac=00;36:*.au=00;36:*.flac=00;36:*.mid=00;36:*.midi=00;36:*.mka=00;36:*.mp3=00;36:*.mpc=00;36:*.ogg=00;36:*.ra=00;36:*.wav=00;36:" name="env.LS_COLORS"/>
    <property value="http://java.sun.com/cgi-bin/bugreport.cgi" name="java.vendor.url.bug"/>
    <property value="/tmp/keyring-tRfaXv/socket.ssh" name="env.SSH_AUTH_SOCK"/>
    <property value="sun.awt.X11GraphicsEnvironment" name="java.awt.graphicsenv"/>
    <property value="i386" name="os.arch"/>
    <property value="/home/igor/programs/jdk1.5.0_14/jre/lib/ext" name="java.ext.dirs"/>
    <property value="/home/igor/projects/activejdbc/activejdbc-test-mysql" name="user.dir"/>
    <property value="/home/igor/.Xauthority" name="env.XAUTHORITY"/>
    <property value="/home/igor/programs/apache-maven-2.2.1" name="env.MAVEN_HOME"/>
    <property value="local" name="env.vitality_env"/>
    <property value="canberra-gtk-module" name="env.GTK_MODULES"/>
    <property value="
" name="line.separator"/>
    <property value="Java HotSpot(TM) Server VM" name="java.vm.name"/>
    <property value="gnome-terminal" name="env.COLORTERM"/>
    <property value="/home/igor/projects/activejdbc/activejdbc-test-mysql" name="basedir"/>
    <property value="/tmp/orbit-igor" name="env.ORBIT_SOCKETDIR"/>
    <property value="igor" name="env.USERNAME"/>
    <property value="UTF-8" name="file.encoding"/>
    <property value="/tmp/keyring-tRfaXv/socket" name="env.GNOME_KEYRING_SOCKET"/>
    <property value="/home/igor/programs/grails-1.3.1" name="env.GRAILS_HOME"/>
    <property value="/tmp/gpg-ioVzMD/S.gpg-agent:4443:1" name="env.GPG_AGENT_INFO"/>
    <property value="1.5" name="java.specification.version"/>
    <property value="/home/igor/programs/jruby-1.3.1" name="env.JRUBY_HOME"/>
    <property value="/usr/bin/lesspipe %s %s" name="env.LESSCLOSE"/>
  </properties>
  <testcase classname="activejdbc.PaginatorTest" time="0.717" name="testPageCount"/>
  <testcase classname="activejdbc.PaginatorTest" time="0.736" name="testGetPage"/>
  <testcase classname="activejdbc.PaginatorTest" time="0.816" name="testThrowExceptionIfWrongArgument"/>
  <testcase classname="activejdbc.PaginatorTest" time="0.651" name="testThatPaginatorIsSerializable"/>
  <testcase classname="activejdbc.PaginatorTest" time="0.527" name="testPreviousAndNext"/>
</testsuite>