<?xml version="1.0" encoding="UTF-8" ?>
<testsuite failures="0" time="0.006" errors="0" skipped="0" tests="1" name="activejdbc.SQLDialectTest">
  <properties>
    <property name="java.runtime.name" value="Java(TM) SE Runtime Environment"/>
    <property name="sun.boot.library.path" value="C:\My Dropbox\Development\jdk6u22\jre\bin"/>
    <property name="java.vm.version" value="17.1-b03"/>
    <property name="java.vm.vendor" value="Sun Microsystems Inc."/>
    <property name="java.vendor.url" value="http://java.sun.com/"/>
    <property name="path.separator" value=";"/>
    <property name="java.vm.name" value="Java HotSpot(TM) 64-Bit Server VM"/>
    <property name="file.encoding.pkg" value="sun.io"/>
    <property name="user.country" value="US"/>
    <property name="sun.java.launcher" value="SUN_STANDARD"/>
    <property name="sun.os.patch.level" value=""/>
    <property name="java.vm.specification.name" value="Java Virtual Machine Specification"/>
    <property name="user.dir" value="C:\My Dropbox\Development\helios_workspace\activejdbc_svn"/>
    <property name="java.runtime.version" value="1.6.0_22-b04"/>
    <property name="java.awt.graphicsenv" value="sun.awt.Win32GraphicsEnvironment"/>
    <property name="basedir" value="C:\My Dropbox\Development\helios_workspace\activejdbc_svn"/>
    <property name="java.endorsed.dirs" value="C:\My Dropbox\Development\jdk6u22\jre\lib\endorsed"/>
    <property name="os.arch" value="amd64"/>
    <property name="surefire.real.class.path" value="C:\Users\jkr\AppData\Local\Temp\surefirebooter3346288735632880440.jar"/>
    <property name="java.io.tmpdir" value="C:\Users\jkr\AppData\Local\Temp\"/>
    <property name="line.separator" value="
"/>
    <property name="java.vm.specification.vendor" value="Sun Microsystems Inc."/>
    <property name="user.variant" value=""/>
    <property name="os.name" value="Windows 7"/>
    <property name="sun.jnu.encoding" value="Cp1252"/>
    <property name="java.library.path" value="C:\My Dropbox\Development\jdk6u22\jre\bin;.;C:\Windows\Sun\Java\bin;C:\Windows\system32;C:\Windows;C:/My Dropbox/Development/jdk6u22/bin/../jre/bin/server;C:/My Dropbox/Development/jdk6u22/bin/../jre/bin;C:/My Dropbox/Development/jdk6u22/bin/../jre/lib/amd64;C:\Windows\system32;C:\Windows;C:\Windows\System32\Wbem;C:\Windows\System32\WindowsPowerShell\v1.0\;C:\Program Files (x86)\ATI Technologies\ATI.ACE\Core-Static;C:\java\jdk1.6u18\bin;C:\Program Files (x86)\QuickTime\QTSystem\;C:\apache-maven-2.2.1\bin;C:\Program Files\SlikSvn\bin\"/>
    <property name="surefire.test.class.path" value="C:\My Dropbox\Development\helios_workspace\activejdbc_svn\target\test-classes;C:\My Dropbox\Development\helios_workspace\activejdbc_svn\target\classes;C:\Users\jkr\.m2\repository\junit\junit\4.8.1\junit-4.8.1.jar;C:\Users\jkr\.m2\repository\javassist\javassist\3.8.0.GA\javassist-3.8.0.GA.jar;C:\Users\jkr\.m2\repository\javax\servlet\servlet-api\2.5\servlet-api-2.5.jar;C:\Users\jkr\.m2\repository\org\slf4j\slf4j-api\1.5.10\slf4j-api-1.5.10.jar;C:\Users\jkr\.m2\repository\org\slf4j\jcl-over-slf4j\1.5.10\jcl-over-slf4j-1.5.10.jar;C:\Users\jkr\.m2\repository\org\slf4j\slf4j-simple\1.5.10\slf4j-simple-1.5.10.jar;C:\Users\jkr\.m2\repository\mysql\mysql-connector-java\5.1.10\mysql-connector-java-5.1.10.jar;C:\Users\jkr\.m2\repository\javalite\javalite-common\1.1-SNAPSHOT\javalite-common-1.1-SNAPSHOT.jar;C:\Users\jkr\.m2\repository\dom4j\dom4j\1.6.1\dom4j-1.6.1.jar;C:\Users\jkr\.m2\repository\xml-apis\xml-apis\1.0.b2\xml-apis-1.0.b2.jar;C:\Users\jkr\.m2\repository\jaxen\jaxen\1.1.1\jaxen-1.1.1.jar;C:\Users\jkr\.m2\repository\jdom\jdom\1.0\jdom-1.0.jar;C:\Users\jkr\.m2\repository\xerces\xercesImpl\2.6.2\xercesImpl-2.6.2.jar;C:\Users\jkr\.m2\repository\xom\xom\1.0\xom-1.0.jar;C:\Users\jkr\.m2\repository\xerces\xmlParserAPIs\2.6.2\xmlParserAPIs-2.6.2.jar;C:\Users\jkr\.m2\repository\xalan\xalan\2.6.0\xalan-2.6.0.jar;C:\Users\jkr\.m2\repository\com\ibm\icu\icu4j\2.6.1\icu4j-2.6.1.jar;C:\Users\jkr\.m2\repository\opensymphony\oscache\2.4\oscache-2.4.jar;C:\Users\jkr\.m2\repository\org\slf4j\slf4j-log4j12\1.4.3\slf4j-log4j12-1.4.3.jar;C:\Users\jkr\.m2\repository\log4j\log4j\1.2.13\log4j-1.2.13.jar;"/>
    <property name="java.specification.name" value="Java Platform API Specification"/>
    <property name="java.class.version" value="50.0"/>
    <property name="sun.management.compiler" value="HotSpot 64-Bit Server Compiler"/>
    <property name="os.version" value="6.1"/>
    <property name="user.home" value="C:\Users\jkr"/>
    <property name="user.timezone" value="America/New_York"/>
    <property name="java.awt.printerjob" value="sun.awt.windows.WPrinterJob"/>
    <property name="java.specification.version" value="1.6"/>
    <property name="file.encoding" value="Cp1252"/>
    <property name="user.name" value="jkr"/>
    <property name="java.class.path" value="C:\My Dropbox\Development\helios_workspace\activejdbc_svn\target\test-classes;C:\My Dropbox\Development\helios_workspace\activejdbc_svn\target\classes;C:\Users\jkr\.m2\repository\junit\junit\4.8.1\junit-4.8.1.jar;C:\Users\jkr\.m2\repository\javassist\javassist\3.8.0.GA\javassist-3.8.0.GA.jar;C:\Users\jkr\.m2\repository\javax\servlet\servlet-api\2.5\servlet-api-2.5.jar;C:\Users\jkr\.m2\repository\org\slf4j\slf4j-api\1.5.10\slf4j-api-1.5.10.jar;C:\Users\jkr\.m2\repository\org\slf4j\jcl-over-slf4j\1.5.10\jcl-over-slf4j-1.5.10.jar;C:\Users\jkr\.m2\repository\org\slf4j\slf4j-simple\1.5.10\slf4j-simple-1.5.10.jar;C:\Users\jkr\.m2\repository\mysql\mysql-connector-java\5.1.10\mysql-connector-java-5.1.10.jar;C:\Users\jkr\.m2\repository\javalite\javalite-common\1.1-SNAPSHOT\javalite-common-1.1-SNAPSHOT.jar;C:\Users\jkr\.m2\repository\dom4j\dom4j\1.6.1\dom4j-1.6.1.jar;C:\Users\jkr\.m2\repository\xml-apis\xml-apis\1.0.b2\xml-apis-1.0.b2.jar;C:\Users\jkr\.m2\repository\jaxen\jaxen\1.1.1\jaxen-1.1.1.jar;C:\Users\jkr\.m2\repository\jdom\jdom\1.0\jdom-1.0.jar;C:\Users\jkr\.m2\repository\xerces\xercesImpl\2.6.2\xercesImpl-2.6.2.jar;C:\Users\jkr\.m2\repository\xom\xom\1.0\xom-1.0.jar;C:\Users\jkr\.m2\repository\xerces\xmlParserAPIs\2.6.2\xmlParserAPIs-2.6.2.jar;C:\Users\jkr\.m2\repository\xalan\xalan\2.6.0\xalan-2.6.0.jar;C:\Users\jkr\.m2\repository\com\ibm\icu\icu4j\2.6.1\icu4j-2.6.1.jar;C:\Users\jkr\.m2\repository\opensymphony\oscache\2.4\oscache-2.4.jar;C:\Users\jkr\.m2\repository\org\slf4j\slf4j-log4j12\1.4.3\slf4j-log4j12-1.4.3.jar;C:\Users\jkr\.m2\repository\log4j\log4j\1.2.13\log4j-1.2.13.jar;"/>
    <property name="java.vm.specification.version" value="1.0"/>
    <property name="oracle.jdbc.J2EE13Compliant" value="true"/>
    <property name="sun.arch.data.model" value="64"/>
    <property name="java.home" value="C:\My Dropbox\Development\jdk6u22\jre"/>
    <property name="java.specification.vendor" value="Sun Microsystems Inc."/>
    <property name="user.language" value="en"/>
    <property name="awt.toolkit" value="sun.awt.windows.WToolkit"/>
    <property name="java.vm.info" value="mixed mode"/>
    <property name="java.version" value="1.6.0_22"/>
    <property name="java.ext.dirs" value="C:\My Dropbox\Development\jdk6u22\jre\lib\ext;C:\Windows\Sun\Java\lib\ext"/>
    <property name="sun.boot.class.path" value="C:\My Dropbox\Development\jdk6u22\jre\lib\resources.jar;C:\My Dropbox\Development\jdk6u22\jre\lib\rt.jar;C:\My Dropbox\Development\jdk6u22\jre\lib\sunrsasign.jar;C:\My Dropbox\Development\jdk6u22\jre\lib\jsse.jar;C:\My Dropbox\Development\jdk6u22\jre\lib\jce.jar;C:\My Dropbox\Development\jdk6u22\jre\lib\charsets.jar;C:\My Dropbox\Development\jdk6u22\jre\classes"/>
    <property name="java.vendor" value="Sun Microsystems Inc."/>
    <property name="localRepository" value="C:\Users\jkr\.m2\repository"/>
    <property name="file.separator" value="\"/>
    <property name="java.vendor.url.bug" value="http://java.sun.com/cgi-bin/bugreport.cgi"/>
    <property name="sun.cpu.endian" value="little"/>
    <property name="sun.io.unicode.encoding" value="UnicodeLittle"/>
    <property name="sun.desktop" value="windows"/>
    <property name="sun.cpu.isalist" value="amd64"/>
  </properties>
  <testcase time="0.001" classname="activejdbc.SQLDialectTest" name="testSelectStarParametrized"/>
</testsuite>